2022/10/12 16:54:24: [ graph_prompt_layer_feature_weighted_sum() ]
2022/10/12 16:54:24: [ num of parameters: 24 ]
Load Few Shot
--------------------------------------------------------------------------------------
start task  0
  0%|          | 0/60 [00:00<?, ?it/s]100%|██████████| 60/60 [00:00<00:00, 619847.88it/s]
  0%|          | 0/60 [00:00<?, ?it/s]100%|██████████| 60/60 [00:00<00:00, 702955.98it/s]
2022/10/12 16:54:25: [ epoch: 000/100	data_type: train	batch: 00000/00001	reg loss: 0.00000000	bp loss: 5.13696623 ]
2022/10/12 16:54:25: [ epoch: 000/100	data_type: train	reg loss: 0.00000000	bp loss: 0.08561610	mean_acc: 0.233 ]
2022/10/12 16:54:25: [ data_type: train	best mean loss: 0.086	 best acc: 0.233	 (epoch: 000) ]
2022/10/12 16:54:25: [ epoch: 000/100	data_type: dev  	batch: 00000/00001	reg loss: 0.00000000	bp loss: 1.69478774	accuracy: 0.317 ]
2022/10/12 16:54:25: [ epoch: 000/100	data_type: dev  	reg loss: 0.00000000	bp loss: 1.69478771	acc:0.317 ]
2022/10/12 16:54:25: [ data_type: dev  	best mean loss: 1.695	 best acc: 0.317	 (epoch: 000) ]
2022/10/12 16:54:25: [ epoch: 001/100	data_type: train	batch: 00000/00001	reg loss: 0.00000000	bp loss: 4.88671684 ]
2022/10/12 16:54:25: [ epoch: 001/100	data_type: train	reg loss: 0.00000000	bp loss: 0.08144528	mean_acc: 0.267 ]
2022/10/12 16:54:25: [ data_type: train	best mean loss: 0.081	 best acc: 0.267	 (epoch: 001) ]
2022/10/12 16:54:25: [ epoch: 001/100	data_type: dev  	batch: 00000/00001	reg loss: 0.00000000	bp loss: 1.69524074	accuracy: 0.350 ]
2022/10/12 16:54:25: [ epoch: 001/100	data_type: dev  	reg loss: 0.00000000	bp loss: 1.69524071	acc:0.350 ]
2022/10/12 16:54:25: [ data_type: dev  	best mean loss: 1.695	 best acc: 0.350	 (epoch: 001) ]
2022/10/12 16:54:25: [ epoch: 002/100	data_type: train	batch: 00000/00001	reg loss: 0.00000000	bp loss: 4.18523979 ]
2022/10/12 16:54:25: [ epoch: 002/100	data_type: train	reg loss: 0.00000000	bp loss: 0.06975400	mean_acc: 0.350 ]
2022/10/12 16:54:26: [ data_type: train	best mean loss: 0.070	 best acc: 0.350	 (epoch: 002) ]
2022/10/12 16:54:26: [ epoch: 002/100	data_type: dev  	batch: 00000/00001	reg loss: 0.00000000	bp loss: 1.69606829	accuracy: 0.350 ]
2022/10/12 16:54:26: [ epoch: 002/100	data_type: dev  	reg loss: 0.00000000	bp loss: 1.69606826	acc:0.350 ]
2022/10/12 16:54:26: [ data_type: dev  	best mean loss: 1.696	 best acc: 0.350	 (epoch: 002) ]
2022/10/12 16:54:26: [ epoch: 003/100	data_type: train	batch: 00000/00001	reg loss: 0.00000000	bp loss: 3.90359402 ]
2022/10/12 16:54:26: [ epoch: 003/100	data_type: train	reg loss: 0.00000000	bp loss: 0.06505990	mean_acc: 0.383 ]
2022/10/12 16:54:26: [ data_type: train	best mean loss: 0.065	 best acc: 0.383	 (epoch: 003) ]
2022/10/12 16:54:26: [ epoch: 003/100	data_type: dev  	batch: 00000/00001	reg loss: 0.00000000	bp loss: 1.69736600	accuracy: 0.333 ]
2022/10/12 16:54:26: [ epoch: 003/100	data_type: dev  	reg loss: 0.00000000	bp loss: 1.69736597	acc:0.333 ]
2022/10/12 16:54:26: [ epoch: 004/100	data_type: train	batch: 00000/00001	reg loss: 0.00000000	bp loss: 3.52561045 ]
2022/10/12 16:54:26: [ epoch: 004/100	data_type: train	reg loss: 0.00000000	bp loss: 0.05876017	mean_acc: 0.367 ]
2022/10/12 16:54:26: [ data_type: train	best mean loss: 0.059	 best acc: 0.367	 (epoch: 004) ]
2022/10/12 16:54:26: [ epoch: 004/100	data_type: dev  	batch: 00000/00001	reg loss: 0.00000000	bp loss: 1.69914377	accuracy: 0.333 ]
2022/10/12 16:54:26: [ epoch: 004/100	data_type: dev  	reg loss: 0.00000000	bp loss: 1.69914374	acc:0.333 ]
2022/10/12 16:54:27: [ epoch: 005/100	data_type: train	batch: 00000/00001	reg loss: 0.00000000	bp loss: 3.26300883 ]
2022/10/12 16:54:27: [ epoch: 005/100	data_type: train	reg loss: 0.00000000	bp loss: 0.05438348	mean_acc: 0.383 ]
2022/10/12 16:54:27: [ data_type: train	best mean loss: 0.054	 best acc: 0.383	 (epoch: 005) ]
2022/10/12 16:54:27: [ epoch: 005/100	data_type: dev  	batch: 00000/00001	reg loss: 0.00000000	bp loss: 1.70134044	accuracy: 0.333 ]
2022/10/12 16:54:27: [ epoch: 005/100	data_type: dev  	reg loss: 0.00000000	bp loss: 1.70134041	acc:0.333 ]
2022/10/12 16:54:27: [ epoch: 006/100	data_type: train	batch: 00000/00001	reg loss: 0.00000000	bp loss: 3.09605527 ]
2022/10/12 16:54:27: [ epoch: 006/100	data_type: train	reg loss: 0.00000000	bp loss: 0.05160092	mean_acc: 0.400 ]
2022/10/12 16:54:27: [ data_type: train	best mean loss: 0.052	 best acc: 0.400	 (epoch: 006) ]
2022/10/12 16:54:27: [ epoch: 006/100	data_type: dev  	batch: 00000/00001	reg loss: 0.00000000	bp loss: 1.70393205	accuracy: 0.367 ]
2022/10/12 16:54:27: [ epoch: 006/100	data_type: dev  	reg loss: 0.00000000	bp loss: 1.70393202	acc:0.367 ]
2022/10/12 16:54:27: [ data_type: dev  	best mean loss: 1.704	 best acc: 0.367	 (epoch: 006) ]
2022/10/12 16:54:27: [ epoch: 007/100	data_type: train	batch: 00000/00001	reg loss: 0.00000000	bp loss: 2.90536785 ]
2022/10/12 16:54:27: [ epoch: 007/100	data_type: train	reg loss: 0.00000000	bp loss: 0.04842280	mean_acc: 0.367 ]
2022/10/12 16:54:27: [ data_type: train	best mean loss: 0.048	 best acc: 0.367	 (epoch: 007) ]
2022/10/12 16:54:27: [ epoch: 007/100	data_type: dev  	batch: 00000/00001	reg loss: 0.00000000	bp loss: 1.70681453	accuracy: 0.400 ]
2022/10/12 16:54:27: [ epoch: 007/100	data_type: dev  	reg loss: 0.00000000	bp loss: 1.70681450	acc:0.400 ]
2022/10/12 16:54:28: [ data_type: dev  	best mean loss: 1.707	 best acc: 0.400	 (epoch: 007) ]
2022/10/12 16:54:28: [ epoch: 008/100	data_type: train	batch: 00000/00001	reg loss: 0.00000000	bp loss: 2.79013705 ]
2022/10/12 16:54:28: [ epoch: 008/100	data_type: train	reg loss: 0.00000000	bp loss: 0.04650228	mean_acc: 0.350 ]
2022/10/12 16:54:28: [ data_type: train	best mean loss: 0.047	 best acc: 0.350	 (epoch: 008) ]
2022/10/12 16:54:28: [ epoch: 008/100	data_type: dev  	batch: 00000/00001	reg loss: 0.00000000	bp loss: 1.70992112	accuracy: 0.383 ]
2022/10/12 16:54:28: [ epoch: 008/100	data_type: dev  	reg loss: 0.00000000	bp loss: 1.70992109	acc:0.383 ]
2022/10/12 16:54:28: [ epoch: 009/100	data_type: train	batch: 00000/00001	reg loss: 0.00000000	bp loss: 2.66761947 ]
2022/10/12 16:54:28: [ epoch: 009/100	data_type: train	reg loss: 0.00000000	bp loss: 0.04446032	mean_acc: 0.333 ]
2022/10/12 16:54:28: [ data_type: train	best mean loss: 0.044	 best acc: 0.333	 (epoch: 009) ]
2022/10/12 16:54:28: [ epoch: 009/100	data_type: dev  	batch: 00000/00001	reg loss: 0.00000000	bp loss: 1.71302998	accuracy: 0.367 ]
2022/10/12 16:54:28: [ epoch: 009/100	data_type: dev  	reg loss: 0.00000000	bp loss: 1.71302995	acc:0.367 ]
2022/10/12 16:54:28: [ epoch: 010/100	data_type: train	batch: 00000/00001	reg loss: 0.00000000	bp loss: 2.58565211 ]
2022/10/12 16:54:28: [ epoch: 010/100	data_type: train	reg loss: 0.00000000	bp loss: 0.04309420	mean_acc: 0.333 ]
2022/10/12 16:54:28: [ data_type: train	best mean loss: 0.043	 best acc: 0.333	 (epoch: 010) ]
2022/10/12 16:54:28: [ epoch: 010/100	data_type: dev  	batch: 00000/00001	reg loss: 0.00000000	bp loss: 1.71574807	accuracy: 0.367 ]
2022/10/12 16:54:28: [ epoch: 010/100	data_type: dev  	reg loss: 0.00000000	bp loss: 1.71574804	acc:0.367 ]
2022/10/12 16:54:28: [ epoch: 011/100	data_type: train	batch: 00000/00001	reg loss: 0.00000000	bp loss: 2.54516673 ]
2022/10/12 16:54:28: [ epoch: 011/100	data_type: train	reg loss: 0.00000000	bp loss: 0.04241944	mean_acc: 0.367 ]
2022/10/12 16:54:29: [ data_type: train	best mean loss: 0.042	 best acc: 0.367	 (epoch: 011) ]
2022/10/12 16:54:29: [ epoch: 011/100	data_type: dev  	batch: 00000/00001	reg loss: 0.00000000	bp loss: 1.71770489	accuracy: 0.367 ]
2022/10/12 16:54:29: [ epoch: 011/100	data_type: dev  	reg loss: 0.00000000	bp loss: 1.71770486	acc:0.367 ]
2022/10/12 16:54:29: [ epoch: 012/100	data_type: train	batch: 00000/00001	reg loss: 0.00000000	bp loss: 2.52817488 ]
2022/10/12 16:54:29: [ epoch: 012/100	data_type: train	reg loss: 0.00000000	bp loss: 0.04213625	mean_acc: 0.367 ]
2022/10/12 16:54:29: [ data_type: train	best mean loss: 0.042	 best acc: 0.367	 (epoch: 012) ]
2022/10/12 16:54:29: [ epoch: 012/100	data_type: dev  	batch: 00000/00001	reg loss: 0.00000000	bp loss: 1.71889532	accuracy: 0.367 ]
2022/10/12 16:54:29: [ epoch: 012/100	data_type: dev  	reg loss: 0.00000000	bp loss: 1.71889529	acc:0.367 ]
2022/10/12 16:54:29: [ epoch: 013/100	data_type: train	batch: 00000/00001	reg loss: 0.00000000	bp loss: 2.51096010 ]
2022/10/12 16:54:29: [ epoch: 013/100	data_type: train	reg loss: 0.00000000	bp loss: 0.04184933	mean_acc: 0.367 ]
2022/10/12 16:54:29: [ data_type: train	best mean loss: 0.042	 best acc: 0.367	 (epoch: 013) ]
2022/10/12 16:54:29: [ epoch: 013/100	data_type: dev  	batch: 00000/00001	reg loss: 0.00000000	bp loss: 1.71961164	accuracy: 0.367 ]
2022/10/12 16:54:29: [ epoch: 013/100	data_type: dev  	reg loss: 0.00000000	bp loss: 1.71961162	acc:0.367 ]
2022/10/12 16:54:29: [ epoch: 014/100	data_type: train	batch: 00000/00001	reg loss: 0.00000000	bp loss: 2.47656941 ]
2022/10/12 16:54:29: [ epoch: 014/100	data_type: train	reg loss: 0.00000000	bp loss: 0.04127616	mean_acc: 0.383 ]
2022/10/12 16:54:29: [ data_type: train	best mean loss: 0.041	 best acc: 0.383	 (epoch: 014) ]
2022/10/12 16:54:30: [ epoch: 014/100	data_type: dev  	batch: 00000/00001	reg loss: 0.00000000	bp loss: 1.72009981	accuracy: 0.383 ]
2022/10/12 16:54:30: [ epoch: 014/100	data_type: dev  	reg loss: 0.00000000	bp loss: 1.72009978	acc:0.383 ]
2022/10/12 16:54:30: [ epoch: 015/100	data_type: train	batch: 00000/00001	reg loss: 0.00000000	bp loss: 2.42767811 ]
2022/10/12 16:54:30: [ epoch: 015/100	data_type: train	reg loss: 0.00000000	bp loss: 0.04046130	mean_acc: 0.383 ]
2022/10/12 16:54:30: [ data_type: train	best mean loss: 0.040	 best acc: 0.383	 (epoch: 015) ]
2022/10/12 16:54:30: [ epoch: 015/100	data_type: dev  	batch: 00000/00001	reg loss: 0.00000000	bp loss: 1.72046959	accuracy: 0.367 ]
2022/10/12 16:54:30: [ epoch: 015/100	data_type: dev  	reg loss: 0.00000000	bp loss: 1.72046957	acc:0.367 ]
2022/10/12 16:54:30: [ epoch: 016/100	data_type: train	batch: 00000/00001	reg loss: 0.00000000	bp loss: 2.37120199 ]
2022/10/12 16:54:30: [ epoch: 016/100	data_type: train	reg loss: 0.00000000	bp loss: 0.03952003	mean_acc: 0.383 ]
2022/10/12 16:54:30: [ data_type: train	best mean loss: 0.040	 best acc: 0.383	 (epoch: 016) ]
2022/10/12 16:54:30: [ epoch: 016/100	data_type: dev  	batch: 00000/00001	reg loss: 0.00000000	bp loss: 1.72075593	accuracy: 0.367 ]
2022/10/12 16:54:30: [ epoch: 016/100	data_type: dev  	reg loss: 0.00000000	bp loss: 1.72075591	acc:0.367 ]
2022/10/12 16:54:30: [ epoch: 017/100	data_type: train	batch: 00000/00001	reg loss: 0.00000000	bp loss: 2.30906677 ]
2022/10/12 16:54:30: [ epoch: 017/100	data_type: train	reg loss: 0.00000000	bp loss: 0.03848445	mean_acc: 0.383 ]
2022/10/12 16:54:30: [ data_type: train	best mean loss: 0.038	 best acc: 0.383	 (epoch: 017) ]
2022/10/12 16:54:30: [ epoch: 017/100	data_type: dev  	batch: 00000/00001	reg loss: 0.00000000	bp loss: 1.72090662	accuracy: 0.367 ]
2022/10/12 16:54:30: [ epoch: 017/100	data_type: dev  	reg loss: 0.00000000	bp loss: 1.72090659	acc:0.367 ]
2022/10/12 16:54:31: [ epoch: 018/100	data_type: train	batch: 00000/00001	reg loss: 0.00000000	bp loss: 2.24614644 ]
2022/10/12 16:54:31: [ epoch: 018/100	data_type: train	reg loss: 0.00000000	bp loss: 0.03743577	mean_acc: 0.383 ]
2022/10/12 16:54:31: [ data_type: train	best mean loss: 0.037	 best acc: 0.383	 (epoch: 018) ]
2022/10/12 16:54:31: [ epoch: 018/100	data_type: dev  	batch: 00000/00001	reg loss: 0.00000000	bp loss: 1.72086120	accuracy: 0.367 ]
2022/10/12 16:54:31: [ epoch: 018/100	data_type: dev  	reg loss: 0.00000000	bp loss: 1.72086117	acc:0.367 ]
2022/10/12 16:54:31: [ epoch: 019/100	data_type: train	batch: 00000/00001	reg loss: 0.00000000	bp loss: 2.18519998 ]
2022/10/12 16:54:31: [ epoch: 019/100	data_type: train	reg loss: 0.00000000	bp loss: 0.03642000	mean_acc: 0.383 ]
2022/10/12 16:54:31: [ data_type: train	best mean loss: 0.036	 best acc: 0.383	 (epoch: 019) ]
2022/10/12 16:54:31: [ epoch: 019/100	data_type: dev  	batch: 00000/00001	reg loss: 0.00000000	bp loss: 1.72062838	accuracy: 0.350 ]
2022/10/12 16:54:31: [ epoch: 019/100	data_type: dev  	reg loss: 0.00000000	bp loss: 1.72062835	acc:0.350 ]
2022/10/12 16:54:31: [ epoch: 020/100	data_type: train	batch: 00000/00001	reg loss: 0.00000000	bp loss: 2.13009763 ]
2022/10/12 16:54:31: [ epoch: 020/100	data_type: train	reg loss: 0.00000000	bp loss: 0.03550163	mean_acc: 0.383 ]
2022/10/12 16:54:31: [ data_type: train	best mean loss: 0.036	 best acc: 0.383	 (epoch: 020) ]
2022/10/12 16:54:31: [ epoch: 020/100	data_type: dev  	batch: 00000/00001	reg loss: 0.00000000	bp loss: 1.72021282	accuracy: 0.350 ]
2022/10/12 16:54:31: [ epoch: 020/100	data_type: dev  	reg loss: 0.00000000	bp loss: 1.72021279	acc:0.350 ]
2022/10/12 16:54:31: [ epoch: 021/100	data_type: train	batch: 00000/00001	reg loss: 0.00000000	bp loss: 2.08385134 ]
2022/10/12 16:54:31: [ epoch: 021/100	data_type: train	reg loss: 0.00000000	bp loss: 0.03473086	mean_acc: 0.400 ]
2022/10/12 16:54:31: [ data_type: train	best mean loss: 0.035	 best acc: 0.400	 (epoch: 021) ]
2022/10/12 16:54:31: [ epoch: 021/100	data_type: dev  	batch: 00000/00001	reg loss: 0.00000000	bp loss: 1.71969998	accuracy: 0.350 ]
2022/10/12 16:54:31: [ epoch: 021/100	data_type: dev  	reg loss: 0.00000000	bp loss: 1.71969995	acc:0.350 ]
2022/10/12 16:54:32: [ epoch: 022/100	data_type: train	batch: 00000/00001	reg loss: 0.00000000	bp loss: 2.04655862 ]
2022/10/12 16:54:32: [ epoch: 022/100	data_type: train	reg loss: 0.00000000	bp loss: 0.03410931	mean_acc: 0.417 ]
2022/10/12 16:54:32: [ data_type: train	best mean loss: 0.034	 best acc: 0.417	 (epoch: 022) ]
2022/10/12 16:54:32: [ epoch: 022/100	data_type: dev  	batch: 00000/00001	reg loss: 0.00000000	bp loss: 1.71920502	accuracy: 0.350 ]
2022/10/12 16:54:32: [ epoch: 022/100	data_type: dev  	reg loss: 0.00000000	bp loss: 1.71920499	acc:0.350 ]
2022/10/12 16:54:32: [ epoch: 023/100	data_type: train	batch: 00000/00001	reg loss: 0.00000000	bp loss: 2.01786590 ]
2022/10/12 16:54:32: [ epoch: 023/100	data_type: train	reg loss: 0.00000000	bp loss: 0.03363110	mean_acc: 0.417 ]
2022/10/12 16:54:32: [ data_type: train	best mean loss: 0.034	 best acc: 0.417	 (epoch: 023) ]
2022/10/12 16:54:32: [ epoch: 023/100	data_type: dev  	batch: 00000/00001	reg loss: 0.00000000	bp loss: 1.71885848	accuracy: 0.350 ]
2022/10/12 16:54:32: [ epoch: 023/100	data_type: dev  	reg loss: 0.00000000	bp loss: 1.71885845	acc:0.350 ]
2022/10/12 16:54:32: [ epoch: 024/100	data_type: train	batch: 00000/00001	reg loss: 0.00000000	bp loss: 1.99509740 ]
2022/10/12 16:54:32: [ epoch: 024/100	data_type: train	reg loss: 0.00000000	bp loss: 0.03325162	mean_acc: 0.417 ]
2022/10/12 16:54:32: [ data_type: train	best mean loss: 0.033	 best acc: 0.417	 (epoch: 024) ]
2022/10/12 16:54:33: [ epoch: 024/100	data_type: dev  	batch: 00000/00001	reg loss: 0.00000000	bp loss: 1.71873212	accuracy: 0.367 ]
2022/10/12 16:54:33: [ epoch: 024/100	data_type: dev  	reg loss: 0.00000000	bp loss: 1.71873209	acc:0.367 ]
2022/10/12 16:54:33: [ epoch: 025/100	data_type: train	batch: 00000/00001	reg loss: 0.00000000	bp loss: 1.97453344 ]
2022/10/12 16:54:33: [ epoch: 025/100	data_type: train	reg loss: 0.00000000	bp loss: 0.03290889	mean_acc: 0.400 ]
2022/10/12 16:54:33: [ data_type: train	best mean loss: 0.033	 best acc: 0.400	 (epoch: 025) ]
2022/10/12 16:54:33: [ epoch: 025/100	data_type: dev  	batch: 00000/00001	reg loss: 0.00000000	bp loss: 1.71890068	accuracy: 0.367 ]
2022/10/12 16:54:33: [ epoch: 025/100	data_type: dev  	reg loss: 0.00000000	bp loss: 1.71890065	acc:0.367 ]
2022/10/12 16:54:33: [ epoch: 026/100	data_type: train	batch: 00000/00001	reg loss: 0.00000000	bp loss: 1.95413601 ]
2022/10/12 16:54:33: [ epoch: 026/100	data_type: train	reg loss: 0.00000000	bp loss: 0.03256893	mean_acc: 0.400 ]
2022/10/12 16:54:33: [ data_type: train	best mean loss: 0.033	 best acc: 0.400	 (epoch: 026) ]
2022/10/12 16:54:33: [ epoch: 026/100	data_type: dev  	batch: 00000/00001	reg loss: 0.00000000	bp loss: 1.71939838	accuracy: 0.367 ]
2022/10/12 16:54:33: [ epoch: 026/100	data_type: dev  	reg loss: 0.00000000	bp loss: 1.71939835	acc:0.367 ]
2022/10/12 16:54:33: [ epoch: 027/100	data_type: train	batch: 00000/00001	reg loss: 0.00000000	bp loss: 1.93219650 ]
2022/10/12 16:54:33: [ epoch: 027/100	data_type: train	reg loss: 0.00000000	bp loss: 0.03220327	mean_acc: 0.400 ]
2022/10/12 16:54:34: [ data_type: train	best mean loss: 0.032	 best acc: 0.400	 (epoch: 027) ]
2022/10/12 16:54:34: [ epoch: 027/100	data_type: dev  	batch: 00000/00001	reg loss: 0.00000000	bp loss: 1.72022903	accuracy: 0.367 ]
2022/10/12 16:54:34: [ epoch: 027/100	data_type: dev  	reg loss: 0.00000000	bp loss: 1.72022900	acc:0.367 ]
2022/10/12 16:54:34: [ epoch: 028/100	data_type: train	batch: 00000/00001	reg loss: 0.00000000	bp loss: 1.90828395 ]
2022/10/12 16:54:34: [ epoch: 028/100	data_type: train	reg loss: 0.00000000	bp loss: 0.03180473	mean_acc: 0.400 ]
2022/10/12 16:54:34: [ data_type: train	best mean loss: 0.032	 best acc: 0.400	 (epoch: 028) ]
2022/10/12 16:54:34: [ epoch: 028/100	data_type: dev  	batch: 00000/00001	reg loss: 0.00000000	bp loss: 1.72135413	accuracy: 0.367 ]
2022/10/12 16:54:34: [ epoch: 028/100	data_type: dev  	reg loss: 0.00000000	bp loss: 1.72135410	acc:0.367 ]
2022/10/12 16:54:34: [ epoch: 029/100	data_type: train	batch: 00000/00001	reg loss: 0.00000000	bp loss: 1.88423228 ]
2022/10/12 16:54:34: [ epoch: 029/100	data_type: train	reg loss: 0.00000000	bp loss: 0.03140387	mean_acc: 0.400 ]
2022/10/12 16:54:34: [ data_type: train	best mean loss: 0.031	 best acc: 0.400	 (epoch: 029) ]
2022/10/12 16:54:34: [ epoch: 029/100	data_type: dev  	batch: 00000/00001	reg loss: 0.00000000	bp loss: 1.72275770	accuracy: 0.367 ]
2022/10/12 16:54:34: [ epoch: 029/100	data_type: dev  	reg loss: 0.00000000	bp loss: 1.72275767	acc:0.367 ]
2022/10/12 16:54:34: [ epoch: 030/100	data_type: train	batch: 00000/00001	reg loss: 0.00000000	bp loss: 1.85723615 ]
2022/10/12 16:54:34: [ epoch: 030/100	data_type: train	reg loss: 0.00000000	bp loss: 0.03095394	mean_acc: 0.400 ]
2022/10/12 16:54:35: [ data_type: train	best mean loss: 0.031	 best acc: 0.400	 (epoch: 030) ]
2022/10/12 16:54:35: [ epoch: 030/100	data_type: dev  	batch: 00000/00001	reg loss: 0.00000000	bp loss: 1.72434628	accuracy: 0.367 ]
2022/10/12 16:54:35: [ epoch: 030/100	data_type: dev  	reg loss: 0.00000000	bp loss: 1.72434625	acc:0.367 ]
2022/10/12 16:54:35: [ epoch: 031/100	data_type: train	batch: 00000/00001	reg loss: 0.00000000	bp loss: 1.83263755 ]
2022/10/12 16:54:35: [ epoch: 031/100	data_type: train	reg loss: 0.00000000	bp loss: 0.03054396	mean_acc: 0.400 ]
2022/10/12 16:54:35: [ data_type: train	best mean loss: 0.031	 best acc: 0.400	 (epoch: 031) ]
2022/10/12 16:54:35: [ epoch: 031/100	data_type: dev  	batch: 00000/00001	reg loss: 0.00000000	bp loss: 1.72603643	accuracy: 0.367 ]
2022/10/12 16:54:35: [ epoch: 031/100	data_type: dev  	reg loss: 0.00000000	bp loss: 1.72603640	acc:0.367 ]
2022/10/12 16:54:35: [ epoch: 032/100	data_type: train	batch: 00000/00001	reg loss: 0.00000000	bp loss: 1.80845559 ]
2022/10/12 16:54:35: [ epoch: 032/100	data_type: train	reg loss: 0.00000000	bp loss: 0.03014093	mean_acc: 0.400 ]
2022/10/12 16:54:35: [ data_type: train	best mean loss: 0.030	 best acc: 0.400	 (epoch: 032) ]
2022/10/12 16:54:35: [ epoch: 032/100	data_type: dev  	batch: 00000/00001	reg loss: 0.00000000	bp loss: 1.72774279	accuracy: 0.367 ]
2022/10/12 16:54:35: [ epoch: 032/100	data_type: dev  	reg loss: 0.00000000	bp loss: 1.72774276	acc:0.367 ]
2022/10/12 16:54:35: [ epoch: 033/100	data_type: train	batch: 00000/00001	reg loss: 0.00000000	bp loss: 1.78754663 ]
2022/10/12 16:54:35: [ epoch: 033/100	data_type: train	reg loss: 0.00000000	bp loss: 0.02979244	mean_acc: 0.400 ]
2022/10/12 16:54:35: [ data_type: train	best mean loss: 0.030	 best acc: 0.400	 (epoch: 033) ]
2022/10/12 16:54:35: [ epoch: 033/100	data_type: dev  	batch: 00000/00001	reg loss: 0.00000000	bp loss: 1.72935903	accuracy: 0.367 ]
2022/10/12 16:54:35: [ epoch: 033/100	data_type: dev  	reg loss: 0.00000000	bp loss: 1.72935900	acc:0.367 ]
2022/10/12 16:54:35: [ epoch: 034/100	data_type: train	batch: 00000/00001	reg loss: 0.00000000	bp loss: 1.76942825 ]
2022/10/12 16:54:35: [ epoch: 034/100	data_type: train	reg loss: 0.00000000	bp loss: 0.02949047	mean_acc: 0.400 ]
2022/10/12 16:54:36: [ data_type: train	best mean loss: 0.029	 best acc: 0.400	 (epoch: 034) ]
2022/10/12 16:54:36: [ epoch: 034/100	data_type: dev  	batch: 00000/00001	reg loss: 0.00000000	bp loss: 1.73084033	accuracy: 0.383 ]
2022/10/12 16:54:36: [ epoch: 034/100	data_type: dev  	reg loss: 0.00000000	bp loss: 1.73084030	acc:0.383 ]
2022/10/12 16:54:36: [ epoch: 035/100	data_type: train	batch: 00000/00001	reg loss: 0.00000000	bp loss: 1.75380814 ]
2022/10/12 16:54:36: [ epoch: 035/100	data_type: train	reg loss: 0.00000000	bp loss: 0.02923014	mean_acc: 0.383 ]
2022/10/12 16:54:36: [ data_type: train	best mean loss: 0.029	 best acc: 0.383	 (epoch: 035) ]
2022/10/12 16:54:36: [ epoch: 035/100	data_type: dev  	batch: 00000/00001	reg loss: 0.00000000	bp loss: 1.73212981	accuracy: 0.383 ]
2022/10/12 16:54:36: [ epoch: 035/100	data_type: dev  	reg loss: 0.00000000	bp loss: 1.73212978	acc:0.383 ]
2022/10/12 16:54:36: [ epoch: 036/100	data_type: train	batch: 00000/00001	reg loss: 0.00000000	bp loss: 1.74070275 ]
2022/10/12 16:54:36: [ epoch: 036/100	data_type: train	reg loss: 0.00000000	bp loss: 0.02901171	mean_acc: 0.383 ]
2022/10/12 16:54:36: [ data_type: train	best mean loss: 0.029	 best acc: 0.383	 (epoch: 036) ]
2022/10/12 16:54:36: [ epoch: 036/100	data_type: dev  	batch: 00000/00001	reg loss: 0.00000000	bp loss: 1.73319161	accuracy: 0.383 ]
2022/10/12 16:54:36: [ epoch: 036/100	data_type: dev  	reg loss: 0.00000000	bp loss: 1.73319158	acc:0.383 ]
2022/10/12 16:54:36: [ epoch: 037/100	data_type: train	batch: 00000/00001	reg loss: 0.00000000	bp loss: 1.72982156 ]
2022/10/12 16:54:36: [ epoch: 037/100	data_type: train	reg loss: 0.00000000	bp loss: 0.02883036	mean_acc: 0.383 ]
2022/10/12 16:54:37: [ data_type: train	best mean loss: 0.029	 best acc: 0.383	 (epoch: 037) ]
2022/10/12 16:54:37: [ epoch: 037/100	data_type: dev  	batch: 00000/00001	reg loss: 0.00000000	bp loss: 1.73407102	accuracy: 0.383 ]
2022/10/12 16:54:37: [ epoch: 037/100	data_type: dev  	reg loss: 0.00000000	bp loss: 1.73407099	acc:0.383 ]
2022/10/12 16:54:37: [ epoch: 038/100	data_type: train	batch: 00000/00001	reg loss: 0.00000000	bp loss: 1.72055948 ]
2022/10/12 16:54:37: [ epoch: 038/100	data_type: train	reg loss: 0.00000000	bp loss: 0.02867599	mean_acc: 0.383 ]
2022/10/12 16:54:37: [ data_type: train	best mean loss: 0.029	 best acc: 0.383	 (epoch: 038) ]
2022/10/12 16:54:37: [ epoch: 038/100	data_type: dev  	batch: 00000/00001	reg loss: 0.00000000	bp loss: 1.73477364	accuracy: 0.383 ]
2022/10/12 16:54:37: [ epoch: 038/100	data_type: dev  	reg loss: 0.00000000	bp loss: 1.73477361	acc:0.383 ]
2022/10/12 16:54:37: [ epoch: 039/100	data_type: train	batch: 00000/00001	reg loss: 0.00000000	bp loss: 1.71188498 ]
2022/10/12 16:54:37: [ epoch: 039/100	data_type: train	reg loss: 0.00000000	bp loss: 0.02853142	mean_acc: 0.383 ]
2022/10/12 16:54:37: [ data_type: train	best mean loss: 0.029	 best acc: 0.383	 (epoch: 039) ]
2022/10/12 16:54:37: [ epoch: 039/100	data_type: dev  	batch: 00000/00001	reg loss: 0.00000000	bp loss: 1.73534167	accuracy: 0.383 ]
2022/10/12 16:54:37: [ epoch: 039/100	data_type: dev  	reg loss: 0.00000000	bp loss: 1.73534164	acc:0.383 ]
2022/10/12 16:54:37: [ epoch: 040/100	data_type: train	batch: 00000/00001	reg loss: 0.00000000	bp loss: 1.70430684 ]
2022/10/12 16:54:37: [ epoch: 040/100	data_type: train	reg loss: 0.00000000	bp loss: 0.02840511	mean_acc: 0.383 ]
2022/10/12 16:54:37: [ data_type: train	best mean loss: 0.028	 best acc: 0.383	 (epoch: 040) ]
2022/10/12 16:54:37: [ epoch: 040/100	data_type: dev  	batch: 00000/00001	reg loss: 0.00000000	bp loss: 1.73580146	accuracy: 0.383 ]
2022/10/12 16:54:37: [ epoch: 040/100	data_type: dev  	reg loss: 0.00000000	bp loss: 1.73580143	acc:0.383 ]
2022/10/12 16:54:38: [ epoch: 041/100	data_type: train	batch: 00000/00001	reg loss: 0.00000000	bp loss: 1.69521570 ]
2022/10/12 16:54:38: [ epoch: 041/100	data_type: train	reg loss: 0.00000000	bp loss: 0.02825359	mean_acc: 0.383 ]
2022/10/12 16:54:38: [ data_type: train	best mean loss: 0.028	 best acc: 0.383	 (epoch: 041) ]
2022/10/12 16:54:38: [ epoch: 041/100	data_type: dev  	batch: 00000/00001	reg loss: 0.00000000	bp loss: 1.73616862	accuracy: 0.383 ]
2022/10/12 16:54:38: [ epoch: 041/100	data_type: dev  	reg loss: 0.00000000	bp loss: 1.73616859	acc:0.383 ]
2022/10/12 16:54:38: [ epoch: 042/100	data_type: train	batch: 00000/00001	reg loss: 0.00000000	bp loss: 1.68762517 ]
2022/10/12 16:54:38: [ epoch: 042/100	data_type: train	reg loss: 0.00000000	bp loss: 0.02812709	mean_acc: 0.383 ]
2022/10/12 16:54:38: [ data_type: train	best mean loss: 0.028	 best acc: 0.383	 (epoch: 042) ]
2022/10/12 16:54:38: [ epoch: 042/100	data_type: dev  	batch: 00000/00001	reg loss: 0.00000000	bp loss: 1.73648310	accuracy: 0.350 ]
2022/10/12 16:54:38: [ epoch: 042/100	data_type: dev  	reg loss: 0.00000000	bp loss: 1.73648307	acc:0.350 ]
2022/10/12 16:54:38: [ epoch: 043/100	data_type: train	batch: 00000/00001	reg loss: 0.00000000	bp loss: 1.67935228 ]
2022/10/12 16:54:38: [ epoch: 043/100	data_type: train	reg loss: 0.00000000	bp loss: 0.02798920	mean_acc: 0.383 ]
2022/10/12 16:54:38: [ data_type: train	best mean loss: 0.028	 best acc: 0.383	 (epoch: 043) ]
2022/10/12 16:54:38: [ epoch: 043/100	data_type: dev  	batch: 00000/00001	reg loss: 0.00000000	bp loss: 1.73669660	accuracy: 0.350 ]
2022/10/12 16:54:38: [ epoch: 043/100	data_type: dev  	reg loss: 0.00000000	bp loss: 1.73669657	acc:0.350 ]
2022/10/12 16:54:38: [ epoch: 044/100	data_type: train	batch: 00000/00001	reg loss: 0.00000000	bp loss: 1.67134476 ]
2022/10/12 16:54:38: [ epoch: 044/100	data_type: train	reg loss: 0.00000000	bp loss: 0.02785575	mean_acc: 0.400 ]
2022/10/12 16:54:38: [ data_type: train	best mean loss: 0.028	 best acc: 0.400	 (epoch: 044) ]
2022/10/12 16:54:38: [ epoch: 044/100	data_type: dev  	batch: 00000/00001	reg loss: 0.00000000	bp loss: 1.73684323	accuracy: 0.350 ]
2022/10/12 16:54:38: [ epoch: 044/100	data_type: dev  	reg loss: 0.00000000	bp loss: 1.73684320	acc:0.350 ]
2022/10/12 16:54:39: [ epoch: 045/100	data_type: train	batch: 00000/00001	reg loss: 0.00000000	bp loss: 1.66346002 ]
2022/10/12 16:54:39: [ epoch: 045/100	data_type: train	reg loss: 0.00000000	bp loss: 0.02772433	mean_acc: 0.400 ]
2022/10/12 16:54:39: [ data_type: train	best mean loss: 0.028	 best acc: 0.400	 (epoch: 045) ]
2022/10/12 16:54:39: [ epoch: 045/100	data_type: dev  	batch: 00000/00001	reg loss: 0.00000000	bp loss: 1.73690236	accuracy: 0.350 ]
2022/10/12 16:54:39: [ epoch: 045/100	data_type: dev  	reg loss: 0.00000000	bp loss: 1.73690233	acc:0.350 ]
2022/10/12 16:54:39: [ epoch: 046/100	data_type: train	batch: 00000/00001	reg loss: 0.00000000	bp loss: 1.65494740 ]
2022/10/12 16:54:39: [ epoch: 046/100	data_type: train	reg loss: 0.00000000	bp loss: 0.02758246	mean_acc: 0.400 ]
2022/10/12 16:54:39: [ data_type: train	best mean loss: 0.028	 best acc: 0.400	 (epoch: 046) ]
2022/10/12 16:54:39: [ epoch: 046/100	data_type: dev  	batch: 00000/00001	reg loss: 0.00000000	bp loss: 1.73683417	accuracy: 0.350 ]
2022/10/12 16:54:39: [ epoch: 046/100	data_type: dev  	reg loss: 0.00000000	bp loss: 1.73683414	acc:0.350 ]
2022/10/12 16:54:39: [ epoch: 047/100	data_type: train	batch: 00000/00001	reg loss: 0.00000000	bp loss: 1.64647937 ]
2022/10/12 16:54:39: [ epoch: 047/100	data_type: train	reg loss: 0.00000000	bp loss: 0.02744132	mean_acc: 0.400 ]
2022/10/12 16:54:39: [ data_type: train	best mean loss: 0.027	 best acc: 0.400	 (epoch: 047) ]
2022/10/12 16:54:39: [ epoch: 047/100	data_type: dev  	batch: 00000/00001	reg loss: 0.00000000	bp loss: 1.73668361	accuracy: 0.350 ]
2022/10/12 16:54:39: [ epoch: 047/100	data_type: dev  	reg loss: 0.00000000	bp loss: 1.73668358	acc:0.350 ]
2022/10/12 16:54:40: [ epoch: 048/100	data_type: train	batch: 00000/00001	reg loss: 0.00000000	bp loss: 1.63925779 ]
2022/10/12 16:54:40: [ epoch: 048/100	data_type: train	reg loss: 0.00000000	bp loss: 0.02732096	mean_acc: 0.417 ]
2022/10/12 16:54:40: [ data_type: train	best mean loss: 0.027	 best acc: 0.417	 (epoch: 048) ]
2022/10/12 16:54:40: [ epoch: 048/100	data_type: dev  	batch: 00000/00001	reg loss: 0.00000000	bp loss: 1.73643672	accuracy: 0.350 ]
2022/10/12 16:54:40: [ epoch: 048/100	data_type: dev  	reg loss: 0.00000000	bp loss: 1.73643670	acc:0.350 ]
2022/10/12 16:54:40: [ epoch: 049/100	data_type: train	batch: 00000/00001	reg loss: 0.00000000	bp loss: 1.63363767 ]
2022/10/12 16:54:40: [ epoch: 049/100	data_type: train	reg loss: 0.00000000	bp loss: 0.02722729	mean_acc: 0.433 ]
2022/10/12 16:54:40: [ data_type: train	best mean loss: 0.027	 best acc: 0.433	 (epoch: 049) ]
2022/10/12 16:54:40: [ epoch: 049/100	data_type: dev  	batch: 00000/00001	reg loss: 0.00000000	bp loss: 1.73613799	accuracy: 0.367 ]
2022/10/12 16:54:40: [ epoch: 049/100	data_type: dev  	reg loss: 0.00000000	bp loss: 1.73613796	acc:0.367 ]
2022/10/12 16:54:40: [ epoch: 050/100	data_type: train	batch: 00000/00001	reg loss: 0.00000000	bp loss: 1.62965894 ]
2022/10/12 16:54:40: [ epoch: 050/100	data_type: train	reg loss: 0.00000000	bp loss: 0.02716098	mean_acc: 0.450 ]
2022/10/12 16:54:40: [ data_type: train	best mean loss: 0.027	 best acc: 0.450	 (epoch: 050) ]
2022/10/12 16:54:40: [ epoch: 050/100	data_type: dev  	batch: 00000/00001	reg loss: 0.00000000	bp loss: 1.73585427	accuracy: 0.367 ]
2022/10/12 16:54:40: [ epoch: 050/100	data_type: dev  	reg loss: 0.00000000	bp loss: 1.73585424	acc:0.367 ]
2022/10/12 16:54:40: [ epoch: 051/100	data_type: train	batch: 00000/00001	reg loss: 0.00000000	bp loss: 1.62640643 ]
2022/10/12 16:54:40: [ epoch: 051/100	data_type: train	reg loss: 0.00000000	bp loss: 0.02710677	mean_acc: 0.450 ]
2022/10/12 16:54:40: [ data_type: train	best mean loss: 0.027	 best acc: 0.450	 (epoch: 051) ]
2022/10/12 16:54:41: [ epoch: 051/100	data_type: dev  	batch: 00000/00001	reg loss: 0.00000000	bp loss: 1.73560870	accuracy: 0.367 ]
2022/10/12 16:54:41: [ epoch: 051/100	data_type: dev  	reg loss: 0.00000000	bp loss: 1.73560867	acc:0.367 ]
2022/10/12 16:54:41: [ epoch: 052/100	data_type: train	batch: 00000/00001	reg loss: 0.00000000	bp loss: 1.62391663 ]
2022/10/12 16:54:41: [ epoch: 052/100	data_type: train	reg loss: 0.00000000	bp loss: 0.02706528	mean_acc: 0.450 ]
2022/10/12 16:54:41: [ data_type: train	best mean loss: 0.027	 best acc: 0.450	 (epoch: 052) ]
2022/10/12 16:54:41: [ epoch: 052/100	data_type: dev  	batch: 00000/00001	reg loss: 0.00000000	bp loss: 1.73546970	accuracy: 0.367 ]
2022/10/12 16:54:41: [ epoch: 052/100	data_type: dev  	reg loss: 0.00000000	bp loss: 1.73546967	acc:0.367 ]
2022/10/12 16:54:41: [ epoch: 053/100	data_type: train	batch: 00000/00001	reg loss: 0.00000000	bp loss: 1.62197685 ]
2022/10/12 16:54:41: [ epoch: 053/100	data_type: train	reg loss: 0.00000000	bp loss: 0.02703295	mean_acc: 0.450 ]
2022/10/12 16:54:41: [ data_type: train	best mean loss: 0.027	 best acc: 0.450	 (epoch: 053) ]
2022/10/12 16:54:41: [ epoch: 053/100	data_type: dev  	batch: 00000/00001	reg loss: 0.00000000	bp loss: 1.73544586	accuracy: 0.367 ]
2022/10/12 16:54:41: [ epoch: 053/100	data_type: dev  	reg loss: 0.00000000	bp loss: 1.73544583	acc:0.367 ]
2022/10/12 16:54:41: [ epoch: 054/100	data_type: train	batch: 00000/00001	reg loss: 0.00000000	bp loss: 1.61881268 ]
2022/10/12 16:54:41: [ epoch: 054/100	data_type: train	reg loss: 0.00000000	bp loss: 0.02698021	mean_acc: 0.467 ]
2022/10/12 16:54:41: [ data_type: train	best mean loss: 0.027	 best acc: 0.467	 (epoch: 054) ]
2022/10/12 16:54:42: [ epoch: 054/100	data_type: dev  	batch: 00000/00001	reg loss: 0.00000000	bp loss: 1.73554075	accuracy: 0.350 ]
2022/10/12 16:54:42: [ epoch: 054/100	data_type: dev  	reg loss: 0.00000000	bp loss: 1.73554072	acc:0.350 ]
2022/10/12 16:54:42: [ epoch: 055/100	data_type: train	batch: 00000/00001	reg loss: 0.00000000	bp loss: 1.61559534 ]
2022/10/12 16:54:42: [ epoch: 055/100	data_type: train	reg loss: 0.00000000	bp loss: 0.02692659	mean_acc: 0.467 ]
2022/10/12 16:54:42: [ data_type: train	best mean loss: 0.027	 best acc: 0.467	 (epoch: 055) ]
2022/10/12 16:54:42: [ epoch: 055/100	data_type: dev  	batch: 00000/00001	reg loss: 0.00000000	bp loss: 1.73571849	accuracy: 0.333 ]
2022/10/12 16:54:42: [ epoch: 055/100	data_type: dev  	reg loss: 0.00000000	bp loss: 1.73571846	acc:0.333 ]
2022/10/12 16:54:42: [ epoch: 056/100	data_type: train	batch: 00000/00001	reg loss: 0.00000000	bp loss: 1.61208665 ]
2022/10/12 16:54:42: [ epoch: 056/100	data_type: train	reg loss: 0.00000000	bp loss: 0.02686811	mean_acc: 0.467 ]
2022/10/12 16:54:42: [ data_type: train	best mean loss: 0.027	 best acc: 0.467	 (epoch: 056) ]
2022/10/12 16:54:42: [ epoch: 056/100	data_type: dev  	batch: 00000/00001	reg loss: 0.00000000	bp loss: 1.73596811	accuracy: 0.333 ]
2022/10/12 16:54:42: [ epoch: 056/100	data_type: dev  	reg loss: 0.00000000	bp loss: 1.73596808	acc:0.333 ]
2022/10/12 16:54:43: [ epoch: 057/100	data_type: train	batch: 00000/00001	reg loss: 0.00000000	bp loss: 1.60902584 ]
2022/10/12 16:54:43: [ epoch: 057/100	data_type: train	reg loss: 0.00000000	bp loss: 0.02681710	mean_acc: 0.467 ]
2022/10/12 16:54:43: [ data_type: train	best mean loss: 0.027	 best acc: 0.467	 (epoch: 057) ]
2022/10/12 16:54:43: [ epoch: 057/100	data_type: dev  	batch: 00000/00001	reg loss: 0.00000000	bp loss: 1.73622584	accuracy: 0.317 ]
2022/10/12 16:54:43: [ epoch: 057/100	data_type: dev  	reg loss: 0.00000000	bp loss: 1.73622581	acc:0.317 ]
2022/10/12 16:54:43: [ epoch: 058/100	data_type: train	batch: 00000/00001	reg loss: 0.00000000	bp loss: 1.60552490 ]
2022/10/12 16:54:43: [ epoch: 058/100	data_type: train	reg loss: 0.00000000	bp loss: 0.02675875	mean_acc: 0.450 ]
2022/10/12 16:54:43: [ data_type: train	best mean loss: 0.027	 best acc: 0.450	 (epoch: 058) ]
2022/10/12 16:54:43: [ epoch: 058/100	data_type: dev  	batch: 00000/00001	reg loss: 0.00000000	bp loss: 1.73644459	accuracy: 0.317 ]
2022/10/12 16:54:43: [ epoch: 058/100	data_type: dev  	reg loss: 0.00000000	bp loss: 1.73644456	acc:0.317 ]
2022/10/12 16:54:43: [ epoch: 059/100	data_type: train	batch: 00000/00001	reg loss: 0.00000000	bp loss: 1.60331368 ]
2022/10/12 16:54:43: [ epoch: 059/100	data_type: train	reg loss: 0.00000000	bp loss: 0.02672189	mean_acc: 0.450 ]
2022/10/12 16:54:43: [ data_type: train	best mean loss: 0.027	 best acc: 0.450	 (epoch: 059) ]
2022/10/12 16:54:43: [ epoch: 059/100	data_type: dev  	batch: 00000/00001	reg loss: 0.00000000	bp loss: 1.73663914	accuracy: 0.317 ]
2022/10/12 16:54:43: [ epoch: 059/100	data_type: dev  	reg loss: 0.00000000	bp loss: 1.73663911	acc:0.317 ]
2022/10/12 16:54:43: [ epoch: 060/100	data_type: train	batch: 00000/00001	reg loss: 0.00000000	bp loss: 1.60127532 ]
2022/10/12 16:54:43: [ epoch: 060/100	data_type: train	reg loss: 0.00000000	bp loss: 0.02668792	mean_acc: 0.467 ]
2022/10/12 16:54:44: [ data_type: train	best mean loss: 0.027	 best acc: 0.467	 (epoch: 060) ]
2022/10/12 16:54:44: [ epoch: 060/100	data_type: dev  	batch: 00000/00001	reg loss: 0.00000000	bp loss: 1.73674750	accuracy: 0.317 ]
2022/10/12 16:54:44: [ epoch: 060/100	data_type: dev  	reg loss: 0.00000000	bp loss: 1.73674747	acc:0.317 ]
2022/10/12 16:54:44: [ epoch: 061/100	data_type: train	batch: 00000/00001	reg loss: 0.00000000	bp loss: 1.60026348 ]
2022/10/12 16:54:44: [ epoch: 061/100	data_type: train	reg loss: 0.00000000	bp loss: 0.02667106	mean_acc: 0.450 ]
2022/10/12 16:54:44: [ data_type: train	best mean loss: 0.027	 best acc: 0.450	 (epoch: 061) ]
2022/10/12 16:54:44: [ epoch: 061/100	data_type: dev  	batch: 00000/00001	reg loss: 0.00000000	bp loss: 1.73680961	accuracy: 0.317 ]
2022/10/12 16:54:44: [ epoch: 061/100	data_type: dev  	reg loss: 0.00000000	bp loss: 1.73680958	acc:0.317 ]
2022/10/12 16:54:44: [ epoch: 062/100	data_type: train	batch: 00000/00001	reg loss: 0.00000000	bp loss: 1.59938097 ]
2022/10/12 16:54:44: [ epoch: 062/100	data_type: train	reg loss: 0.00000000	bp loss: 0.02665635	mean_acc: 0.450 ]
2022/10/12 16:54:44: [ data_type: train	best mean loss: 0.027	 best acc: 0.450	 (epoch: 062) ]
2022/10/12 16:54:44: [ epoch: 062/100	data_type: dev  	batch: 00000/00001	reg loss: 0.00000000	bp loss: 1.73681378	accuracy: 0.317 ]
2022/10/12 16:54:44: [ epoch: 062/100	data_type: dev  	reg loss: 0.00000000	bp loss: 1.73681375	acc:0.317 ]
2022/10/12 16:54:44: [ epoch: 063/100	data_type: train	batch: 00000/00001	reg loss: 0.00000000	bp loss: 1.59821451 ]
2022/10/12 16:54:44: [ epoch: 063/100	data_type: train	reg loss: 0.00000000	bp loss: 0.02663691	mean_acc: 0.450 ]
2022/10/12 16:54:44: [ data_type: train	best mean loss: 0.027	 best acc: 0.450	 (epoch: 063) ]
2022/10/12 16:54:45: [ epoch: 063/100	data_type: dev  	batch: 00000/00001	reg loss: 0.00000000	bp loss: 1.73676085	accuracy: 0.300 ]
2022/10/12 16:54:45: [ epoch: 063/100	data_type: dev  	reg loss: 0.00000000	bp loss: 1.73676083	acc:0.300 ]
2022/10/12 16:54:45: [ epoch: 064/100	data_type: train	batch: 00000/00001	reg loss: 0.00000000	bp loss: 1.59680593 ]
2022/10/12 16:54:45: [ epoch: 064/100	data_type: train	reg loss: 0.00000000	bp loss: 0.02661343	mean_acc: 0.450 ]
2022/10/12 16:54:45: [ data_type: train	best mean loss: 0.027	 best acc: 0.450	 (epoch: 064) ]
2022/10/12 16:54:45: [ epoch: 064/100	data_type: dev  	batch: 00000/00001	reg loss: 0.00000000	bp loss: 1.73667002	accuracy: 0.300 ]
2022/10/12 16:54:45: [ epoch: 064/100	data_type: dev  	reg loss: 0.00000000	bp loss: 1.73666999	acc:0.300 ]
2022/10/12 16:54:45: [ epoch: 065/100	data_type: train	batch: 00000/00001	reg loss: 0.00000000	bp loss: 1.59576237 ]
2022/10/12 16:54:45: [ epoch: 065/100	data_type: train	reg loss: 0.00000000	bp loss: 0.02659604	mean_acc: 0.450 ]
2022/10/12 16:54:45: [ data_type: train	best mean loss: 0.027	 best acc: 0.450	 (epoch: 065) ]
2022/10/12 16:54:45: [ epoch: 065/100	data_type: dev  	batch: 00000/00001	reg loss: 0.00000000	bp loss: 1.73654389	accuracy: 0.300 ]
2022/10/12 16:54:45: [ epoch: 065/100	data_type: dev  	reg loss: 0.00000000	bp loss: 1.73654386	acc:0.300 ]
2022/10/12 16:54:45: [ epoch: 066/100	data_type: train	batch: 00000/00001	reg loss: 0.00000000	bp loss: 1.59436953 ]
2022/10/12 16:54:45: [ epoch: 066/100	data_type: train	reg loss: 0.00000000	bp loss: 0.02657283	mean_acc: 0.433 ]
2022/10/12 16:54:46: [ data_type: train	best mean loss: 0.027	 best acc: 0.433	 (epoch: 066) ]
2022/10/12 16:54:46: [ epoch: 066/100	data_type: dev  	batch: 00000/00001	reg loss: 0.00000000	bp loss: 1.73638427	accuracy: 0.300 ]
2022/10/12 16:54:46: [ epoch: 066/100	data_type: dev  	reg loss: 0.00000000	bp loss: 1.73638424	acc:0.300 ]
2022/10/12 16:54:46: [ epoch: 067/100	data_type: train	batch: 00000/00001	reg loss: 0.00000000	bp loss: 1.59313536 ]
2022/10/12 16:54:46: [ epoch: 067/100	data_type: train	reg loss: 0.00000000	bp loss: 0.02655226	mean_acc: 0.433 ]
2022/10/12 16:54:46: [ data_type: train	best mean loss: 0.027	 best acc: 0.433	 (epoch: 067) ]
2022/10/12 16:54:46: [ epoch: 067/100	data_type: dev  	batch: 00000/00001	reg loss: 0.00000000	bp loss: 1.73619819	accuracy: 0.300 ]
2022/10/12 16:54:46: [ epoch: 067/100	data_type: dev  	reg loss: 0.00000000	bp loss: 1.73619816	acc:0.300 ]
2022/10/12 16:54:46: [ epoch: 068/100	data_type: train	batch: 00000/00001	reg loss: 0.00000000	bp loss: 1.59151578 ]
2022/10/12 16:54:46: [ epoch: 068/100	data_type: train	reg loss: 0.00000000	bp loss: 0.02652526	mean_acc: 0.417 ]
2022/10/12 16:54:46: [ data_type: train	best mean loss: 0.027	 best acc: 0.417	 (epoch: 068) ]
2022/10/12 16:54:46: [ epoch: 068/100	data_type: dev  	batch: 00000/00001	reg loss: 0.00000000	bp loss: 1.73601103	accuracy: 0.300 ]
2022/10/12 16:54:46: [ epoch: 068/100	data_type: dev  	reg loss: 0.00000000	bp loss: 1.73601100	acc:0.300 ]
2022/10/12 16:54:47: [ epoch: 069/100	data_type: train	batch: 00000/00001	reg loss: 0.00000000	bp loss: 1.59044313 ]
2022/10/12 16:54:47: [ epoch: 069/100	data_type: train	reg loss: 0.00000000	bp loss: 0.02650739	mean_acc: 0.417 ]
2022/10/12 16:54:47: [ data_type: train	best mean loss: 0.027	 best acc: 0.417	 (epoch: 069) ]
2022/10/12 16:54:47: [ epoch: 069/100	data_type: dev  	batch: 00000/00001	reg loss: 0.00000000	bp loss: 1.73582542	accuracy: 0.317 ]
2022/10/12 16:54:47: [ epoch: 069/100	data_type: dev  	reg loss: 0.00000000	bp loss: 1.73582539	acc:0.317 ]
2022/10/12 16:54:47: [ epoch: 070/100	data_type: train	batch: 00000/00001	reg loss: 0.00000000	bp loss: 1.58997703 ]
2022/10/12 16:54:47: [ epoch: 070/100	data_type: train	reg loss: 0.00000000	bp loss: 0.02649962	mean_acc: 0.417 ]
2022/10/12 16:54:47: [ data_type: train	best mean loss: 0.026	 best acc: 0.417	 (epoch: 070) ]
2022/10/12 16:54:47: [ epoch: 070/100	data_type: dev  	batch: 00000/00001	reg loss: 0.00000000	bp loss: 1.73565328	accuracy: 0.317 ]
2022/10/12 16:54:47: [ epoch: 070/100	data_type: dev  	reg loss: 0.00000000	bp loss: 1.73565325	acc:0.317 ]
2022/10/12 16:54:47: [ epoch: 071/100	data_type: train	batch: 00000/00001	reg loss: 0.00000000	bp loss: 1.58923566 ]
2022/10/12 16:54:47: [ epoch: 071/100	data_type: train	reg loss: 0.00000000	bp loss: 0.02648726	mean_acc: 0.417 ]
2022/10/12 16:54:47: [ data_type: train	best mean loss: 0.026	 best acc: 0.417	 (epoch: 071) ]
2022/10/12 16:54:47: [ epoch: 071/100	data_type: dev  	batch: 00000/00001	reg loss: 0.00000000	bp loss: 1.73552060	accuracy: 0.317 ]
2022/10/12 16:54:47: [ epoch: 071/100	data_type: dev  	reg loss: 0.00000000	bp loss: 1.73552057	acc:0.317 ]
2022/10/12 16:54:47: [ epoch: 072/100	data_type: train	batch: 00000/00001	reg loss: 0.00000000	bp loss: 1.58856738 ]
2022/10/12 16:54:47: [ epoch: 072/100	data_type: train	reg loss: 0.00000000	bp loss: 0.02647612	mean_acc: 0.417 ]
2022/10/12 16:54:47: [ data_type: train	best mean loss: 0.026	 best acc: 0.417	 (epoch: 072) ]
2022/10/12 16:54:47: [ epoch: 072/100	data_type: dev  	batch: 00000/00001	reg loss: 0.00000000	bp loss: 1.73542213	accuracy: 0.317 ]
2022/10/12 16:54:47: [ epoch: 072/100	data_type: dev  	reg loss: 0.00000000	bp loss: 1.73542211	acc:0.317 ]
2022/10/12 16:54:48: [ epoch: 073/100	data_type: train	batch: 00000/00001	reg loss: 0.00000000	bp loss: 1.58820450 ]
2022/10/12 16:54:48: [ epoch: 073/100	data_type: train	reg loss: 0.00000000	bp loss: 0.02647007	mean_acc: 0.417 ]
2022/10/12 16:54:48: [ data_type: train	best mean loss: 0.026	 best acc: 0.417	 (epoch: 073) ]
2022/10/12 16:54:48: [ epoch: 073/100	data_type: dev  	batch: 00000/00001	reg loss: 0.00000000	bp loss: 1.73535788	accuracy: 0.317 ]
2022/10/12 16:54:48: [ epoch: 073/100	data_type: dev  	reg loss: 0.00000000	bp loss: 1.73535785	acc:0.317 ]
2022/10/12 16:54:48: [ epoch: 074/100	data_type: train	batch: 00000/00001	reg loss: 0.00000000	bp loss: 1.58708787 ]
2022/10/12 16:54:48: [ epoch: 074/100	data_type: train	reg loss: 0.00000000	bp loss: 0.02645146	mean_acc: 0.417 ]
2022/10/12 16:54:48: [ data_type: train	best mean loss: 0.026	 best acc: 0.417	 (epoch: 074) ]
2022/10/12 16:54:48: [ epoch: 074/100	data_type: dev  	batch: 00000/00001	reg loss: 0.00000000	bp loss: 1.73534918	accuracy: 0.317 ]
2022/10/12 16:54:48: [ epoch: 074/100	data_type: dev  	reg loss: 0.00000000	bp loss: 1.73534915	acc:0.317 ]
2022/10/12 16:54:48: [ epoch: 075/100	data_type: train	batch: 00000/00001	reg loss: 0.00000000	bp loss: 1.58655918 ]
2022/10/12 16:54:48: [ epoch: 075/100	data_type: train	reg loss: 0.00000000	bp loss: 0.02644265	mean_acc: 0.417 ]
2022/10/12 16:54:48: [ data_type: train	best mean loss: 0.026	 best acc: 0.417	 (epoch: 075) ]
2022/10/12 16:54:48: [ epoch: 075/100	data_type: dev  	batch: 00000/00001	reg loss: 0.00000000	bp loss: 1.73535156	accuracy: 0.317 ]
2022/10/12 16:54:48: [ epoch: 075/100	data_type: dev  	reg loss: 0.00000000	bp loss: 1.73535153	acc:0.317 ]
2022/10/12 16:54:49: [ epoch: 076/100	data_type: train	batch: 00000/00001	reg loss: 0.00000000	bp loss: 1.58587754 ]
2022/10/12 16:54:49: [ epoch: 076/100	data_type: train	reg loss: 0.00000000	bp loss: 0.02643129	mean_acc: 0.417 ]
2022/10/12 16:54:49: [ data_type: train	best mean loss: 0.026	 best acc: 0.417	 (epoch: 076) ]
2022/10/12 16:54:49: [ epoch: 076/100	data_type: dev  	batch: 00000/00001	reg loss: 0.00000000	bp loss: 1.73537993	accuracy: 0.317 ]
2022/10/12 16:54:49: [ epoch: 076/100	data_type: dev  	reg loss: 0.00000000	bp loss: 1.73537991	acc:0.317 ]
2022/10/12 16:54:49: [ epoch: 077/100	data_type: train	batch: 00000/00001	reg loss: 0.00000000	bp loss: 1.58515751 ]
2022/10/12 16:54:49: [ epoch: 077/100	data_type: train	reg loss: 0.00000000	bp loss: 0.02641929	mean_acc: 0.417 ]
2022/10/12 16:54:49: [ data_type: train	best mean loss: 0.026	 best acc: 0.417	 (epoch: 077) ]
2022/10/12 16:54:49: [ epoch: 077/100	data_type: dev  	batch: 00000/00001	reg loss: 0.00000000	bp loss: 1.73542011	accuracy: 0.317 ]
2022/10/12 16:54:49: [ epoch: 077/100	data_type: dev  	reg loss: 0.00000000	bp loss: 1.73542008	acc:0.317 ]
2022/10/12 16:54:49: [ epoch: 078/100	data_type: train	batch: 00000/00001	reg loss: 0.00000000	bp loss: 1.58434892 ]
2022/10/12 16:54:49: [ epoch: 078/100	data_type: train	reg loss: 0.00000000	bp loss: 0.02640581	mean_acc: 0.417 ]
2022/10/12 16:54:49: [ data_type: train	best mean loss: 0.026	 best acc: 0.417	 (epoch: 078) ]
2022/10/12 16:54:49: [ epoch: 078/100	data_type: dev  	batch: 00000/00001	reg loss: 0.00000000	bp loss: 1.73544002	accuracy: 0.317 ]
2022/10/12 16:54:49: [ epoch: 078/100	data_type: dev  	reg loss: 0.00000000	bp loss: 1.73543999	acc:0.317 ]
2022/10/12 16:54:50: [ epoch: 079/100	data_type: train	batch: 00000/00001	reg loss: 0.00000000	bp loss: 1.58370185 ]
2022/10/12 16:54:50: [ epoch: 079/100	data_type: train	reg loss: 0.00000000	bp loss: 0.02639503	mean_acc: 0.400 ]
2022/10/12 16:54:50: [ data_type: train	best mean loss: 0.026	 best acc: 0.400	 (epoch: 079) ]
2022/10/12 16:54:50: [ epoch: 079/100	data_type: dev  	batch: 00000/00001	reg loss: 0.00000000	bp loss: 1.73547411	accuracy: 0.317 ]
2022/10/12 16:54:50: [ epoch: 079/100	data_type: dev  	reg loss: 0.00000000	bp loss: 1.73547408	acc:0.317 ]
2022/10/12 16:54:50: [ epoch: 080/100	data_type: train	batch: 00000/00001	reg loss: 0.00000000	bp loss: 1.58331192 ]
2022/10/12 16:54:50: [ epoch: 080/100	data_type: train	reg loss: 0.00000000	bp loss: 0.02638853	mean_acc: 0.400 ]
2022/10/12 16:54:50: [ data_type: train	best mean loss: 0.026	 best acc: 0.400	 (epoch: 080) ]
2022/10/12 16:54:50: [ epoch: 080/100	data_type: dev  	batch: 00000/00001	reg loss: 0.00000000	bp loss: 1.73548961	accuracy: 0.317 ]
2022/10/12 16:54:50: [ epoch: 080/100	data_type: dev  	reg loss: 0.00000000	bp loss: 1.73548958	acc:0.317 ]
2022/10/12 16:54:50: [ epoch: 081/100	data_type: train	batch: 00000/00001	reg loss: 0.00000000	bp loss: 1.58289945 ]
2022/10/12 16:54:50: [ epoch: 081/100	data_type: train	reg loss: 0.00000000	bp loss: 0.02638166	mean_acc: 0.400 ]
2022/10/12 16:54:50: [ data_type: train	best mean loss: 0.026	 best acc: 0.400	 (epoch: 081) ]
2022/10/12 16:54:50: [ epoch: 081/100	data_type: dev  	batch: 00000/00001	reg loss: 0.00000000	bp loss: 1.73548436	accuracy: 0.317 ]
2022/10/12 16:54:50: [ epoch: 081/100	data_type: dev  	reg loss: 0.00000000	bp loss: 1.73548433	acc:0.317 ]
2022/10/12 16:54:50: [ epoch: 082/100	data_type: train	batch: 00000/00001	reg loss: 0.00000000	bp loss: 1.58239698 ]
2022/10/12 16:54:50: [ epoch: 082/100	data_type: train	reg loss: 0.00000000	bp loss: 0.02637328	mean_acc: 0.400 ]
2022/10/12 16:54:51: [ data_type: train	best mean loss: 0.026	 best acc: 0.400	 (epoch: 082) ]
2022/10/12 16:54:51: [ epoch: 082/100	data_type: dev  	batch: 00000/00001	reg loss: 0.00000000	bp loss: 1.73546815	accuracy: 0.317 ]
2022/10/12 16:54:51: [ epoch: 082/100	data_type: dev  	reg loss: 0.00000000	bp loss: 1.73546812	acc:0.317 ]
2022/10/12 16:54:51: [ epoch: 083/100	data_type: train	batch: 00000/00001	reg loss: 0.00000000	bp loss: 1.58177638 ]
2022/10/12 16:54:51: [ epoch: 083/100	data_type: train	reg loss: 0.00000000	bp loss: 0.02636294	mean_acc: 0.400 ]
2022/10/12 16:54:51: [ data_type: train	best mean loss: 0.026	 best acc: 0.400	 (epoch: 083) ]
2022/10/12 16:54:51: [ epoch: 083/100	data_type: dev  	batch: 00000/00001	reg loss: 0.00000000	bp loss: 1.73543298	accuracy: 0.317 ]
2022/10/12 16:54:51: [ epoch: 083/100	data_type: dev  	reg loss: 0.00000000	bp loss: 1.73543295	acc:0.317 ]
2022/10/12 16:54:51: [ epoch: 084/100	data_type: train	batch: 00000/00001	reg loss: 0.00000000	bp loss: 1.58124959 ]
2022/10/12 16:54:51: [ epoch: 084/100	data_type: train	reg loss: 0.00000000	bp loss: 0.02635416	mean_acc: 0.417 ]
2022/10/12 16:54:51: [ data_type: train	best mean loss: 0.026	 best acc: 0.417	 (epoch: 084) ]
2022/10/12 16:54:51: [ epoch: 084/100	data_type: dev  	batch: 00000/00001	reg loss: 0.00000000	bp loss: 1.73538637	accuracy: 0.317 ]
2022/10/12 16:54:51: [ epoch: 084/100	data_type: dev  	reg loss: 0.00000000	bp loss: 1.73538634	acc:0.317 ]
2022/10/12 16:54:52: [ epoch: 085/100	data_type: train	batch: 00000/00001	reg loss: 0.00000000	bp loss: 1.58099198 ]
2022/10/12 16:54:52: [ epoch: 085/100	data_type: train	reg loss: 0.00000000	bp loss: 0.02634987	mean_acc: 0.417 ]
2022/10/12 16:54:52: [ data_type: train	best mean loss: 0.026	 best acc: 0.417	 (epoch: 085) ]
2022/10/12 16:54:52: [ epoch: 085/100	data_type: dev  	batch: 00000/00001	reg loss: 0.00000000	bp loss: 1.73532701	accuracy: 0.317 ]
2022/10/12 16:54:52: [ epoch: 085/100	data_type: dev  	reg loss: 0.00000000	bp loss: 1.73532698	acc:0.317 ]
2022/10/12 16:54:52: [ epoch: 086/100	data_type: train	batch: 00000/00001	reg loss: 0.00000000	bp loss: 1.58044863 ]
2022/10/12 16:54:52: [ epoch: 086/100	data_type: train	reg loss: 0.00000000	bp loss: 0.02634081	mean_acc: 0.417 ]
2022/10/12 16:54:52: [ data_type: train	best mean loss: 0.026	 best acc: 0.417	 (epoch: 086) ]
2022/10/12 16:54:52: [ epoch: 086/100	data_type: dev  	batch: 00000/00001	reg loss: 0.00000000	bp loss: 1.73526812	accuracy: 0.317 ]
2022/10/12 16:54:52: [ epoch: 086/100	data_type: dev  	reg loss: 0.00000000	bp loss: 1.73526809	acc:0.317 ]
2022/10/12 16:54:52: [ epoch: 087/100	data_type: train	batch: 00000/00001	reg loss: 0.00000000	bp loss: 1.57984161 ]
2022/10/12 16:54:52: [ epoch: 087/100	data_type: train	reg loss: 0.00000000	bp loss: 0.02633069	mean_acc: 0.417 ]
2022/10/12 16:54:52: [ data_type: train	best mean loss: 0.026	 best acc: 0.417	 (epoch: 087) ]
2022/10/12 16:54:52: [ epoch: 087/100	data_type: dev  	batch: 00000/00001	reg loss: 0.00000000	bp loss: 1.73520696	accuracy: 0.317 ]
2022/10/12 16:54:52: [ epoch: 087/100	data_type: dev  	reg loss: 0.00000000	bp loss: 1.73520693	acc:0.317 ]
2022/10/12 16:54:53: [ epoch: 088/100	data_type: train	batch: 00000/00001	reg loss: 0.00000000	bp loss: 1.57926786 ]
2022/10/12 16:54:53: [ epoch: 088/100	data_type: train	reg loss: 0.00000000	bp loss: 0.02632113	mean_acc: 0.417 ]
2022/10/12 16:54:53: [ data_type: train	best mean loss: 0.026	 best acc: 0.417	 (epoch: 088) ]
2022/10/12 16:54:53: [ epoch: 088/100	data_type: dev  	batch: 00000/00001	reg loss: 0.00000000	bp loss: 1.73515308	accuracy: 0.317 ]
2022/10/12 16:54:53: [ epoch: 088/100	data_type: dev  	reg loss: 0.00000000	bp loss: 1.73515305	acc:0.317 ]
2022/10/12 16:54:53: [ epoch: 089/100	data_type: train	batch: 00000/00001	reg loss: 0.00000000	bp loss: 1.57888961 ]
2022/10/12 16:54:53: [ epoch: 089/100	data_type: train	reg loss: 0.00000000	bp loss: 0.02631483	mean_acc: 0.417 ]
2022/10/12 16:54:53: [ data_type: train	best mean loss: 0.026	 best acc: 0.417	 (epoch: 089) ]
2022/10/12 16:54:53: [ epoch: 089/100	data_type: dev  	batch: 00000/00001	reg loss: 0.00000000	bp loss: 1.73508906	accuracy: 0.317 ]
2022/10/12 16:54:53: [ epoch: 089/100	data_type: dev  	reg loss: 0.00000000	bp loss: 1.73508903	acc:0.317 ]
2022/10/12 16:54:53: [ epoch: 090/100	data_type: train	batch: 00000/00001	reg loss: 0.00000000	bp loss: 1.57837069 ]
2022/10/12 16:54:53: [ epoch: 090/100	data_type: train	reg loss: 0.00000000	bp loss: 0.02630618	mean_acc: 0.417 ]
2022/10/12 16:54:53: [ data_type: train	best mean loss: 0.026	 best acc: 0.417	 (epoch: 090) ]
2022/10/12 16:54:53: [ epoch: 090/100	data_type: dev  	batch: 00000/00001	reg loss: 0.00000000	bp loss: 1.73502779	accuracy: 0.317 ]
2022/10/12 16:54:53: [ epoch: 090/100	data_type: dev  	reg loss: 0.00000000	bp loss: 1.73502776	acc:0.317 ]
2022/10/12 16:54:53: [ epoch: 091/100	data_type: train	batch: 00000/00001	reg loss: 0.00000000	bp loss: 1.57828331 ]
2022/10/12 16:54:53: [ epoch: 091/100	data_type: train	reg loss: 0.00000000	bp loss: 0.02630472	mean_acc: 0.417 ]
2022/10/12 16:54:54: [ data_type: train	best mean loss: 0.026	 best acc: 0.417	 (epoch: 091) ]
2022/10/12 16:54:54: [ epoch: 091/100	data_type: dev  	batch: 00000/00001	reg loss: 0.00000000	bp loss: 1.73499370	accuracy: 0.317 ]
2022/10/12 16:54:54: [ epoch: 091/100	data_type: dev  	reg loss: 0.00000000	bp loss: 1.73499367	acc:0.317 ]
2022/10/12 16:54:54: [ epoch: 092/100	data_type: train	batch: 00000/00001	reg loss: 0.00000000	bp loss: 1.57772720 ]
2022/10/12 16:54:54: [ epoch: 092/100	data_type: train	reg loss: 0.00000000	bp loss: 0.02629545	mean_acc: 0.417 ]
2022/10/12 16:54:54: [ data_type: train	best mean loss: 0.026	 best acc: 0.417	 (epoch: 092) ]
2022/10/12 16:54:54: [ epoch: 092/100	data_type: dev  	batch: 00000/00001	reg loss: 0.00000000	bp loss: 1.73496902	accuracy: 0.317 ]
2022/10/12 16:54:54: [ epoch: 092/100	data_type: dev  	reg loss: 0.00000000	bp loss: 1.73496899	acc:0.317 ]
2022/10/12 16:54:54: [ epoch: 093/100	data_type: train	batch: 00000/00001	reg loss: 0.00000000	bp loss: 1.57754266 ]
2022/10/12 16:54:54: [ epoch: 093/100	data_type: train	reg loss: 0.00000000	bp loss: 0.02629238	mean_acc: 0.417 ]
2022/10/12 16:54:54: [ data_type: train	best mean loss: 0.026	 best acc: 0.417	 (epoch: 093) ]
2022/10/12 16:54:54: [ epoch: 093/100	data_type: dev  	batch: 00000/00001	reg loss: 0.00000000	bp loss: 1.73494685	accuracy: 0.317 ]
2022/10/12 16:54:54: [ epoch: 093/100	data_type: dev  	reg loss: 0.00000000	bp loss: 1.73494682	acc:0.317 ]
2022/10/12 16:54:54: [ epoch: 094/100	data_type: train	batch: 00000/00001	reg loss: 0.00000000	bp loss: 1.57725477 ]
2022/10/12 16:54:54: [ epoch: 094/100	data_type: train	reg loss: 0.00000000	bp loss: 0.02628758	mean_acc: 0.417 ]
2022/10/12 16:54:55: [ data_type: train	best mean loss: 0.026	 best acc: 0.417	 (epoch: 094) ]
2022/10/12 16:54:55: [ epoch: 094/100	data_type: dev  	batch: 00000/00001	reg loss: 0.00000000	bp loss: 1.73493385	accuracy: 0.317 ]
2022/10/12 16:54:55: [ epoch: 094/100	data_type: dev  	reg loss: 0.00000000	bp loss: 1.73493382	acc:0.317 ]
2022/10/12 16:54:55: [ epoch: 095/100	data_type: train	batch: 00000/00001	reg loss: 0.00000000	bp loss: 1.57675850 ]
2022/10/12 16:54:55: [ epoch: 095/100	data_type: train	reg loss: 0.00000000	bp loss: 0.02627931	mean_acc: 0.417 ]
2022/10/12 16:54:55: [ data_type: train	best mean loss: 0.026	 best acc: 0.417	 (epoch: 095) ]
2022/10/12 16:54:55: [ epoch: 095/100	data_type: dev  	batch: 00000/00001	reg loss: 0.00000000	bp loss: 1.73492575	accuracy: 0.317 ]
2022/10/12 16:54:55: [ epoch: 095/100	data_type: dev  	reg loss: 0.00000000	bp loss: 1.73492572	acc:0.317 ]
2022/10/12 16:54:55: [ epoch: 096/100	data_type: train	batch: 00000/00001	reg loss: 0.00000000	bp loss: 1.57637358 ]
2022/10/12 16:54:55: [ epoch: 096/100	data_type: train	reg loss: 0.00000000	bp loss: 0.02627289	mean_acc: 0.400 ]
2022/10/12 16:54:55: [ data_type: train	best mean loss: 0.026	 best acc: 0.400	 (epoch: 096) ]
2022/10/12 16:54:55: [ epoch: 096/100	data_type: dev  	batch: 00000/00001	reg loss: 0.00000000	bp loss: 1.73493326	accuracy: 0.317 ]
2022/10/12 16:54:55: [ epoch: 096/100	data_type: dev  	reg loss: 0.00000000	bp loss: 1.73493323	acc:0.317 ]
2022/10/12 16:54:55: [ epoch: 097/100	data_type: train	batch: 00000/00001	reg loss: 0.00000000	bp loss: 1.57621849 ]
2022/10/12 16:54:55: [ epoch: 097/100	data_type: train	reg loss: 0.00000000	bp loss: 0.02627031	mean_acc: 0.400 ]
2022/10/12 16:54:56: [ data_type: train	best mean loss: 0.026	 best acc: 0.400	 (epoch: 097) ]
2022/10/12 16:54:56: [ epoch: 097/100	data_type: dev  	batch: 00000/00001	reg loss: 0.00000000	bp loss: 1.73494613	accuracy: 0.317 ]
2022/10/12 16:54:56: [ epoch: 097/100	data_type: dev  	reg loss: 0.00000000	bp loss: 1.73494610	acc:0.317 ]
2022/10/12 16:54:56: [ epoch: 098/100	data_type: train	batch: 00000/00001	reg loss: 0.00000000	bp loss: 1.57591474 ]
2022/10/12 16:54:56: [ epoch: 098/100	data_type: train	reg loss: 0.00000000	bp loss: 0.02626525	mean_acc: 0.400 ]
2022/10/12 16:54:56: [ data_type: train	best mean loss: 0.026	 best acc: 0.400	 (epoch: 098) ]
2022/10/12 16:54:56: [ epoch: 098/100	data_type: dev  	batch: 00000/00001	reg loss: 0.00000000	bp loss: 1.73495781	accuracy: 0.317 ]
2022/10/12 16:54:56: [ epoch: 098/100	data_type: dev  	reg loss: 0.00000000	bp loss: 1.73495779	acc:0.317 ]
2022/10/12 16:54:56: [ epoch: 099/100	data_type: train	batch: 00000/00001	reg loss: 0.00000000	bp loss: 1.57553053 ]
2022/10/12 16:54:56: [ epoch: 099/100	data_type: train	reg loss: 0.00000000	bp loss: 0.02625884	mean_acc: 0.383 ]
2022/10/12 16:54:56: [ data_type: train	best mean loss: 0.026	 best acc: 0.383	 (epoch: 099) ]
2022/10/12 16:54:56: [ epoch: 099/100	data_type: dev  	batch: 00000/00001	reg loss: 0.00000000	bp loss: 1.73496270	accuracy: 0.317 ]
2022/10/12 16:54:56: [ epoch: 099/100	data_type: dev  	reg loss: 0.00000000	bp loss: 1.73496267	acc:0.317 ]
data_loaders odict_items([('train', <torch.utils.data.dataloader.DataLoader object at 0x7f48f0fdfcf8>), ('dev', <torch.utils.data.dataloader.DataLoader object at 0x7f49024399b0>)])
  0%|          | 0/480 [00:00<?, ?it/s]100%|██████████| 480/480 [00:00<00:00, 921403.17it/s]
Traceback (most recent call last):
  File "prompt_fewshot.py", line 665, in <module>
    model.load_state_dict(torch.load(os.path.join(save_model_dir, 'epoch%d.pt' % (best_epoch))))
  File "/home/xingtong/anaconda3/envs/dgl/lib/python3.6/site-packages/torch/nn/modules/module.py", line 1483, in load_state_dict
    self.__class__.__name__, "\n\t".join(error_msgs)))
RuntimeError: Error(s) in loading state_dict for graph_prompt_layer_feature_weighted_sum:
	size mismatch for weight: copying a param with shape torch.Size([1, 12]) from checkpoint, the shape in current model is torch.Size([1, 24]).
